<?xml version="1.0" encoding="UTF-8"?>
<!-- Generated by org.testng.reporters.JUnitReportReporter -->
<testsuite hostname="Gustavo-Ortiz.local" name="org.craftercms.studio.testing.cases.LoginTest" tests="1" failures="0" timestamp="8 Nov 2016 20:24:55 GMT" time="4.279" errors="0">
  <testcase name="login_Test" time="4.279" classname="org.craftercms.studio.testing.cases.LoginTest"/>
</testsuite> <!-- org.craftercms.studio.testing.cases.LoginTest -->
