<?xml version="1.0" encoding="UTF-8"?>
<!-- Generated by org.testng.reporters.JUnitReportReporter -->
<testsuite hostname="Gustavo-Ortiz.local" name="org.craftercms.studio.testing.cases.CopyPasteFolderTest" tests="1" failures="0" timestamp="8 Nov 2016 20:02:32 GMT" time="43.963" errors="0">
  <testcase name="Copy_Folder_test" time="43.963" classname="org.craftercms.studio.testing.cases.CopyPasteFolderTest"/>
</testsuite> <!-- org.craftercms.studio.testing.cases.CopyPasteFolderTest -->
