<?xml version="1.0" encoding="UTF-8"?>
<!-- Generated by org.testng.reporters.JUnitReportReporter -->
<testsuite hostname="Gustavo-Ortiz.local" name="org.craftercms.studio.testing.cases.CTInputTest" tests="1" failures="0" timestamp="9 Nov 2016 21:24:03 GMT" time="40.515" errors="0">
  <testcase name="CT_Input" time="40.515" classname="org.craftercms.studio.testing.cases.CTInputTest"/>
</testsuite> <!-- org.craftercms.studio.testing.cases.CTInputTest -->
