<?xml version="1.0" encoding="UTF-8"?>
<!-- Generated by org.testng.reporters.JUnitReportReporter -->
<testsuite hostname="Gustavo-Ortiz.local" name="org.craftercms.studio.testing.cases.CTDragAndDropTest" tests="1" failures="0" timestamp="9 Nov 2016 21:21:21 GMT" time="26.862" errors="0">
  <testcase name="CT_Drap_And_Drop" time="26.862" classname="org.craftercms.studio.testing.cases.CTDragAndDropTest"/>
</testsuite> <!-- org.craftercms.studio.testing.cases.CTDragAndDropTest -->
