<?xml version="1.0" encoding="UTF-8"?>
<!-- Generated by org.testng.reporters.JUnitReportReporter -->
<testsuite hostname="Gustavo-Ortiz.local" name="org.craftercms.studio.testing.cases.AddNewFolderTest" tests="1" failures="0" timestamp="8 Nov 2016 19:59:19 GMT" time="17.791" errors="0">
  <testcase name="Add_New_Folder_test" time="17.791" classname="org.craftercms.studio.testing.cases.AddNewFolderTest"/>
</testsuite> <!-- org.craftercms.studio.testing.cases.AddNewFolderTest -->
