<?xml version="1.0" encoding="UTF-8"?>
<!-- Generated by org.testng.reporters.JUnitReportReporter -->
<testsuite hostname="Gustavo-Ortiz.local" name="org.craftercms.studio.testing.cases.CutPasteContentTest" tests="1" failures="0" timestamp="9 Nov 2016 21:25:13 GMT" time="21.131" errors="0">
  <testcase name="Cut_Paste_Content_test" time="21.131" classname="org.craftercms.studio.testing.cases.CutPasteContentTest"/>
</testsuite> <!-- org.craftercms.studio.testing.cases.CutPasteContentTest -->
