<?xml version="1.0" encoding="UTF-8"?>
<!-- Generated by org.testng.reporters.JUnitReportReporter -->
<testsuite hostname="Gustavo-Ortiz.local" name="org.craftercms.studio.testing.cases.DeleteSiteTest" tests="1" failures="0" timestamp="8 Nov 2016 20:21:07 GMT" time="12.385" errors="0">
  <testcase name="delete_site" time="12.385" classname="org.craftercms.studio.testing.cases.DeleteSiteTest"/>
</testsuite> <!-- org.craftercms.studio.testing.cases.DeleteSiteTest -->
