<?xml version="1.0" encoding="UTF-8"?>
<!-- Generated by org.testng.reporters.JUnitReportReporter -->
<testsuite hostname="Gustavo-Ortiz.local" name="org.craftercms.studio.testing.cases.EditURLTest" tests="1" failures="0" timestamp="9 Nov 2016 19:43:45 GMT" time="23.515" errors="0">
  <testcase name="Edit_Url" time="23.515" classname="org.craftercms.studio.testing.cases.EditURLTest"/>
</testsuite> <!-- org.craftercms.studio.testing.cases.EditURLTest -->
