<?xml version="1.0" encoding="UTF-8"?>
<!-- Generated by org.testng.reporters.JUnitReportReporter -->
<testsuite hostname="Gustavo-Ortiz.local" name="org.craftercms.studio.testing.cases.EditContentFormTest" tests="1" failures="0" timestamp="9 Nov 2016 21:58:05 GMT" time="77.726" errors="0">
  <testcase name="edit_Content_1" time="77.726" classname="org.craftercms.studio.testing.cases.EditContentFormTest"/>
</testsuite> <!-- org.craftercms.studio.testing.cases.EditContentFormTest -->
