<?xml version="1.0" encoding="UTF-8"?>
<!-- Generated by org.testng.reporters.JUnitReportReporter -->
<testsuite hostname="Gustavo-Ortiz.local" name="org.craftercms.studio.testing.cases.ShowHideSiteContentTest" tests="1" failures="0" timestamp="8 Nov 2016 20:25:44 GMT" time="13.755" errors="0">
  <testcase name="Show_Hide_Site_Content_test" time="13.755" classname="org.craftercms.studio.testing.cases.ShowHideSiteContentTest"/>
</testsuite> <!-- org.craftercms.studio.testing.cases.ShowHideSiteContentTest -->
