<?xml version="1.0" encoding="UTF-8"?>
<!-- Generated by org.testng.reporters.JUnitReportReporter -->
<testsuite hostname="Gustavo-Ortiz.local" name="org.craftercms.studio.testing.cases.CreateSiteTest" tests="1" failures="0" timestamp="8 Nov 2016 20:06:23 GMT" time="32.037" errors="0">
  <testcase name="create_site" time="32.037" classname="org.craftercms.studio.testing.cases.CreateSiteTest"/>
</testsuite> <!-- org.craftercms.studio.testing.cases.CreateSiteTest -->
