<?xml version="1.0" encoding="UTF-8"?>
<!-- Generated by org.testng.reporters.JUnitReportReporter -->
<testsuite hostname="Gustavo-Ortiz.local" name="org.craftercms.studio.testing.cases.AddNewContentTest" tests="1" failures="0" timestamp="8 Nov 2016 19:55:06 GMT" time="33.977" errors="0">
  <testcase name="Add_New_Content_test" time="33.977" classname="org.craftercms.studio.testing.cases.AddNewContentTest"/>
</testsuite> <!-- org.craftercms.studio.testing.cases.AddNewContentTest -->
