<?xml version="1.0" encoding="UTF-8"?>
<!-- Generated by org.testng.reporters.JUnitReportReporter -->
<testsuite hostname="Gustavo-Ortiz.local" name="org.craftercms.studio.testing.cases.LogOutTest" tests="1" failures="0" timestamp="8 Nov 2016 20:25:18 GMT" time="8.523" errors="0">
  <testcase name="logOut_Test" time="8.523" classname="org.craftercms.studio.testing.cases.LogOutTest"/>
</testsuite> <!-- org.craftercms.studio.testing.cases.LogOutTest -->
