<?xml version="1.0" encoding="UTF-8"?>
<!-- Generated by org.testng.reporters.JUnitReportReporter -->
<testsuite hostname="Gustavo-Ortiz.local" name="org.craftercms.studio.testing.cases.CopyPasteContentTest" tests="1" failures="0" timestamp="8 Nov 2016 20:00:49 GMT" time="35.862" errors="0">
  <testcase name="Copy_Paste_Content_test" time="35.862" classname="org.craftercms.studio.testing.cases.CopyPasteContentTest"/>
</testsuite> <!-- org.craftercms.studio.testing.cases.CopyPasteContentTest -->
