<?xml version="1.0" encoding="UTF-8"?>
<!-- Generated by org.testng.reporters.JUnitReportReporter -->
<testsuite hostname="Gustavo-Ortiz.local" name="org.craftercms.studio.testing.cases.DeleteContentTest" tests="1" failures="0" timestamp="8 Nov 2016 20:20:38 GMT" time="17.726" errors="0">
  <testcase name="Delete_Content" time="17.726" classname="org.craftercms.studio.testing.cases.DeleteContentTest"/>
</testsuite> <!-- org.craftercms.studio.testing.cases.DeleteContentTest -->
