<?xml version="1.0" encoding="UTF-8"?>
<!-- Generated by org.testng.reporters.JUnitReportReporter -->
<testsuite hostname="Gustavo-Ortiz.local" name="org.craftercms.studio.testing.cases.DeleteSiteTest" tests="2" failures="0" timestamp="9 Nov 2016 23:12:27 GMT" time="24.822" errors="0">
  <testcase name="delete_site" time="12.400" classname="org.craftercms.studio.testing.cases.DeleteSiteTest"/>
  <testcase name="delete_site" time="12.422" classname="org.craftercms.studio.testing.cases.DeleteSiteTest"/>
</testsuite> <!-- org.craftercms.studio.testing.cases.DeleteSiteTest -->
