<?xml version="1.0" encoding="UTF-8"?>
<!-- Generated by org.testng.reporters.JUnitReportReporter -->
<testsuite hostname="Gustavo-Ortiz.local" name="org.craftercms.studio.testing.cases.CreateSiteTest" tests="2" failures="0" timestamp="9 Nov 2016 23:12:27 GMT" time="57.553" errors="0">
  <testcase name="create_site" time="28.367" classname="org.craftercms.studio.testing.cases.CreateSiteTest"/>
  <testcase name="create_site" time="29.186" classname="org.craftercms.studio.testing.cases.CreateSiteTest"/>
</testsuite> <!-- org.craftercms.studio.testing.cases.CreateSiteTest -->
