<?xml version="1.0" encoding="UTF-8"?>
<!-- Generated by org.testng.reporters.JUnitReportReporter -->
<testsuite hostname="Gustavo-Ortiz.local" name="org.craftercms.studio.testing.cases.AddNewFolderTest" tests="1" failures="0" timestamp="9 Nov 2016 23:12:27 GMT" time="17.839" errors="0">
  <testcase name="Add_New_Folder_test" time="17.839" classname="org.craftercms.studio.testing.cases.AddNewFolderTest"/>
</testsuite> <!-- org.craftercms.studio.testing.cases.AddNewFolderTest -->
